{"level":"info","message":"{\"method\":\"GET\",\"url\":\"/\",\"status\":\"200\",\"responseTime\":\"1.480\"}","timestamp":"2024-10-13T07:05:09.066Z"}
{"level":"info","message":"{\"method\":\"GET\",\"url\":\"/\",\"status\":\"200\",\"responseTime\":\"66.713\"}","timestamp":"2024-10-13T08:29:57.020Z"}
{"level":"info","message":"{\"method\":\"GET\",\"url\":\"/\",\"status\":\"200\",\"responseTime\":\"12.489\"}","timestamp":"2024-10-13T08:44:24.218Z"}
{"level":"info","message":"{\"method\":\"GET\",\"url\":\"/\",\"status\":\"200\",\"responseTime\":\"12.269\"}","timestamp":"2024-10-13T10:29:18.474Z"}
{"level":"info","message":"{\"method\":\"GET\",\"url\":\"/\",\"status\":\"404\",\"responseTime\":\"2.001\"}","timestamp":"2024-10-13T10:59:42.309Z"}
{"level":"info","message":"{\"method\":\"GET\",\"url\":\"/\",\"status\":\"404\",\"responseTime\":\"2.219\"}","timestamp":"2024-10-13T11:01:22.297Z"}
{"level":"info","message":"{\"method\":\"GET\",\"url\":\"/login\",\"status\":\"400\",\"responseTime\":\"1.305\"}","timestamp":"2024-10-13T11:01:29.521Z"}
{"level":"info","message":"{\"method\":\"GET\",\"url\":\"/login\",\"status\":\"200\",\"responseTime\":\"0.345\"}","timestamp":"2024-10-13T11:01:55.620Z"}
{"level":"info","message":"{\"method\":\"GET\",\"url\":\"/login\",\"status\":\"200\",\"responseTime\":\"1.143\"}","timestamp":"2024-10-14T05:03:37.798Z"}
{"level":"info","message":"{\"method\":\"GET\",\"url\":\"/login\",\"status\":\"400\",\"responseTime\":\"6.612\"}","timestamp":"2024-10-14T05:03:52.135Z"}
{"level":"info","message":"{\"method\":\"GET\",\"url\":\"/login\",\"status\":\"400\",\"responseTime\":\"5.075\"}","timestamp":"2024-10-14T16:46:07.844Z"}
{"level":"info","message":"{\"method\":\"GET\",\"url\":\"/login\",\"status\":\"500\",\"responseTime\":\"5.057\"}","timestamp":"2024-10-14T16:46:45.034Z"}
{"level":"info","message":"{\"method\":\"GET\",\"url\":\"/login\",\"status\":\"500\",\"responseTime\":\"7.523\"}","timestamp":"2024-10-14T16:49:23.228Z"}
{"level":"info","message":"{\"method\":\"GET\",\"url\":\"/login\",\"status\":\"500\",\"responseTime\":\"6.553\"}","timestamp":"2024-10-14T16:50:36.100Z"}
{"level":"info","message":"{\"method\":\"GET\",\"url\":\"/login\",\"status\":\"500\",\"responseTime\":\"1.483\"}","timestamp":"2024-10-14T16:50:48.993Z"}
{"level":"info","message":"{\"method\":\"GET\",\"url\":\"/login\",\"status\":\"500\",\"responseTime\":\"8.519\"}","timestamp":"2024-10-14T16:50:59.485Z"}
{"level":"info","message":"{\"method\":\"GET\",\"url\":\"/login\",\"status\":\"500\",\"responseTime\":\"8.334\"}","timestamp":"2024-10-14T16:54:46.282Z"}
{"level":"info","message":"{\"method\":\"GET\",\"url\":\"/login\",\"status\":\"500\",\"responseTime\":\"6.676\"}","timestamp":"2024-10-14T16:55:51.118Z"}
{"level":"info","message":"{\"method\":\"GET\",\"url\":\"/login\",\"status\":\"500\",\"responseTime\":\"7.421\"}","timestamp":"2024-10-14T16:56:45.039Z"}
{"level":"info","message":"{\"method\":\"GET\",\"url\":\"/login\",\"status\":\"500\",\"responseTime\":\"8.760\"}","timestamp":"2024-10-14T16:57:13.743Z"}
{"level":"info","message":"{\"method\":\"GET\",\"url\":\"/login\",\"status\":\"500\",\"responseTime\":\"7.976\"}","timestamp":"2024-10-14T16:57:51.451Z"}
{"level":"info","message":"{\"method\":\"GET\",\"url\":\"/login\",\"status\":\"400\",\"responseTime\":\"6.255\"}","timestamp":"2024-10-14T17:01:52.516Z"}
{"level":"info","message":"{\"method\":\"GET\",\"url\":\"/login\",\"status\":\"200\",\"responseTime\":\"1.566\"}","timestamp":"2024-10-14T17:17:22.418Z"}
{"level":"info","message":"{\"method\":\"GET\",\"url\":\"/login\",\"status\":\"200\",\"responseTime\":\"3.155\"}","timestamp":"2024-10-14T17:19:10.556Z"}
{"level":"info","message":"{\"method\":\"GET\",\"url\":\"/login\",\"status\":\"200\",\"responseTime\":\"67.517\"}","timestamp":"2024-10-14T17:19:32.827Z"}
{"level":"info","message":"{\"method\":\"GET\",\"url\":\"/login\",\"status\":\"200\",\"responseTime\":\"65.115\"}","timestamp":"2024-10-14T17:25:10.293Z"}
{"level":"info","message":"{\"method\":\"GET\",\"url\":\"/login\",\"status\":\"401\",\"responseTime\":\"5.018\"}","timestamp":"2024-10-14T17:32:56.744Z"}
{"level":"info","message":"{\"method\":\"GET\",\"url\":\"/login\",\"status\":\"401\",\"responseTime\":\"5.167\"}","timestamp":"2024-10-14T17:33:31.557Z"}
{"level":"info","message":"{\"method\":\"GET\",\"url\":\"/login\",\"status\":\"401\",\"responseTime\":\"4.786\"}","timestamp":"2024-10-15T17:32:11.567Z"}
{"level":"info","message":"{\"method\":\"GET\",\"url\":\"/login\",\"status\":\"-\",\"responseTime\":\"-\"}","timestamp":"2024-10-15T17:34:41.687Z"}
{"level":"info","message":"{\"method\":\"GET\",\"url\":\"/signup\",\"status\":\"404\",\"responseTime\":\"1.170\"}","timestamp":"2024-10-15T17:35:47.861Z"}
{"level":"info","message":"{\"method\":\"POST\",\"url\":\"/signup\",\"status\":\"-\",\"responseTime\":\"-\"}","timestamp":"2024-10-15T17:36:00.090Z"}
{"level":"info","message":"{\"method\":\"POST\",\"url\":\"/signup\",\"status\":\"200\",\"responseTime\":\"73.088\"}","timestamp":"2024-10-15T17:42:37.075Z"}
{"level":"info","message":"{\"method\":\"POST\",\"url\":\"/signup\",\"status\":\"200\",\"responseTime\":\"2.180\"}","timestamp":"2024-10-15T17:42:54.848Z"}
{"level":"info","message":"{\"method\":\"POST\",\"url\":\"/signup\",\"status\":\"200\",\"responseTime\":\"7.816\"}","timestamp":"2024-10-16T17:35:15.667Z"}
{"level":"info","message":"{\"method\":\"POST\",\"url\":\"/signup\",\"status\":\"-\",\"responseTime\":\"-\"}","timestamp":"2024-10-16T17:35:39.030Z"}
{"level":"info","message":"{\"method\":\"POST\",\"url\":\"/signup\",\"status\":\"200\",\"responseTime\":\"5.501\"}","timestamp":"2024-10-16T17:36:14.211Z"}
{"level":"info","message":"{\"method\":\"POST\",\"url\":\"/signup\",\"status\":\"-\",\"responseTime\":\"-\"}","timestamp":"2024-10-16T17:38:15.768Z"}
{"level":"info","message":"{\"method\":\"POST\",\"url\":\"/signup\",\"status\":\"200\",\"responseTime\":\"76.946\"}","timestamp":"2024-10-16T17:38:56.418Z"}
{"level":"info","message":"{\"method\":\"POST\",\"url\":\"/signup\",\"status\":\"200\",\"responseTime\":\"78.283\"}","timestamp":"2024-10-16T17:43:55.143Z"}
{"level":"info","message":"{\"method\":\"POST\",\"url\":\"/login\",\"status\":\"404\",\"responseTime\":\"2.639\"}","timestamp":"2024-10-16T18:00:20.263Z"}
{"level":"info","message":"{\"method\":\"GET\",\"url\":\"/login\",\"status\":\"200\",\"responseTime\":\"126.354\"}","timestamp":"2024-10-16T18:01:02.726Z"}
{"level":"info","message":"{\"method\":\"POST\",\"url\":\"/signup\",\"status\":\"200\",\"responseTime\":\"3.665\"}","timestamp":"2024-10-16T18:01:29.097Z"}
{"level":"info","message":"{\"method\":\"GET\",\"url\":\"/login\",\"status\":\"200\",\"responseTime\":\"118.937\"}","timestamp":"2024-10-16T18:01:45.589Z"}
{"level":"info","message":"{\"method\":\"POST\",\"url\":\"/signup\",\"status\":\"200\",\"responseTime\":\"2.126\"}","timestamp":"2024-10-16T18:03:51.268Z"}
{"level":"info","message":"{\"method\":\"POST\",\"url\":\"/signup\",\"status\":\"200\",\"responseTime\":\"3.615\"}","timestamp":"2024-10-16T18:03:51.996Z"}
{"level":"info","message":"{\"method\":\"GET\",\"url\":\"/login\",\"status\":\"200\",\"responseTime\":\"68.725\"}","timestamp":"2024-10-16T18:05:09.228Z"}
{"level":"info","message":"{\"method\":\"GET\",\"url\":\"/login\",\"status\":\"200\",\"responseTime\":\"65.105\"}","timestamp":"2024-10-16T18:05:18.491Z"}
